[debug] [2019-02-20T20:24:19.660Z] ----------------------------------------------------------------------
[debug] [2019-02-20T20:24:19.668Z] Command:       C:\Program Files\nodejs\node.exe C:\Users\RayK\AppData\Roaming\npm\node_modules\firebase-tools\lib\bin\firebase.js deploy
[debug] [2019-02-20T20:24:19.668Z] CLI Version:   6.3.0
[debug] [2019-02-20T20:24:19.669Z] Platform:      win32
[debug] [2019-02-20T20:24:19.669Z] Node Version:  v11.6.0
[debug] [2019-02-20T20:24:19.767Z] Time:          Wed Feb 20 2019 14:24:19 GMT-0600 (Central Standard Time)
[debug] [2019-02-20T20:24:19.768Z] ----------------------------------------------------------------------
[debug] 
[debug] [2019-02-20T20:24:19.863Z] > command requires scopes: ["email","openid","https://www.googleapis.com/auth/cloudplatformprojects.readonly","https://www.googleapis.com/auth/firebase","https://www.googleapis.com/auth/cloud-platform"]
[debug] [2019-02-20T20:24:19.866Z] > authorizing via signed-in user
[debug] [2019-02-20T20:24:19.867Z] [iam] checking project visionvision-3af1d for permissions ["firebase.projects.get","firebasedatabase.instances.update","firebasehosting.sites.update"]
[debug] [2019-02-20T20:24:19.872Z] > refreshing access token with scopes: ["email","https://www.googleapis.com/auth/cloud-platform","https://www.googleapis.com/auth/cloudplatformprojects.readonly","https://www.googleapis.com/auth/firebase","openid"]
[debug] [2019-02-20T20:24:19.873Z] >>> HTTP REQUEST POST https://www.googleapis.com/oauth2/v3/token  
 <request body omitted>
[debug] [2019-02-20T20:24:20.318Z] <<< HTTP RESPONSE 200
[debug] [2019-02-20T20:24:20.351Z] >>> HTTP REQUEST POST https://cloudresourcemanager.googleapis.com/v1/projects/visionvision-3af1d:testIamPermissions  

[debug] [2019-02-20T20:24:20.739Z] <<< HTTP RESPONSE 200
[debug] [2019-02-20T20:24:20.742Z] >>> HTTP REQUEST GET https://firebase.googleapis.com/v1beta1/projects/visionvision-3af1d  
 
[debug] [2019-02-20T20:24:21.146Z] <<< HTTP RESPONSE 200
[info] 
[info] === Deploying to 'visionvision-3af1d'...
[info] 
[info] i  deploying database, hosting
[info] i  database: checking rules syntax...
[debug] [2019-02-20T20:24:21.172Z] >>> HTTP REQUEST PUT https://visionvision-3af1d.firebaseio.com/.settings/rules.json?dryRun=true  
 {
  /* Visit https://firebase.google.com/docs/database/security to learn more about security rules. */
  "rules": {
    ".read": true,
    ".write": true
  }
}
[debug] [2019-02-20T20:24:23.652Z] <<< HTTP RESPONSE 200
[info] +  database: rules syntax for database visionvision-3af1d is valid
[debug] [2019-02-20T20:24:23.660Z] >>> HTTP REQUEST POST https://firebasehosting.googleapis.com/v1beta1/sites/visionvision-3af1d/versions  

[debug] [2019-02-20T20:24:25.902Z] <<< HTTP RESPONSE 200
[info] i  hosting[visionvision-3af1d]: beginning deploy...
[info] i  hosting[visionvision-3af1d]: found 232 files in public
[debug] [2019-02-20T20:24:26.090Z] [hosting] hash cache [cHVibGlj] load error: lines is not defined
[debug] [2019-02-20T20:24:35.278Z] [hosting] hash cache [cHVibGlj] stored for 232 files
[debug] [2019-02-20T20:24:35.279Z] [hosting][hash queue][FINAL]
[debug] [2019-02-20T20:24:35.279Z] >>> HTTP REQUEST POST https://firebasehosting.googleapis.com/v1beta1/sites/visionvision-3af1d/versions/014bd41ece299126:populateFiles  
 <request body omitted>
[debug] [2019-02-20T20:24:40.724Z] <<< HTTP RESPONSE 200
[debug] [2019-02-20T20:24:40.779Z] [hosting][populate queue][FINAL]
[debug] [2019-02-20T20:24:40.779Z] [hosting] uploads queued: 46
